  [4;36;1mSQL (0.5ms)[0m   [0;1m SELECT name
 FROM sqlite_master
 WHERE type = 'table' AND NOT name = 'sqlite_sequence'
[0m
  [4;35;1mSQL (0.1ms)[0m   [0mselect sqlite_version(*)[0m
  [4;36;1mSQL (3.4ms)[0m   [0;1mCREATE TABLE "schema_migrations" ("version" varchar(255) NOT NULL) [0m
  [4;35;1mSQL (1.8ms)[0m   [0mCREATE UNIQUE INDEX "unique_schema_migrations" ON "schema_migrations" ("version")[0m
  [4;36;1mSQL (0.1ms)[0m   [0;1m SELECT name
 FROM sqlite_master
 WHERE type = 'table' AND NOT name = 'sqlite_sequence'
[0m
  [4;35;1mSQL (0.1ms)[0m   [0mSELECT version FROM schema_migrations[0m
  [4;36;1mSQL (0.2ms)[0m   [0;1m SELECT name
 FROM sqlite_master
 WHERE type = 'table' AND NOT name = 'sqlite_sequence'
[0m
  [4;35;1mSQL (0.2ms)[0m   [0m SELECT name
 FROM sqlite_master
 WHERE type = 'table' AND NOT name = 'sqlite_sequence'
[0m
  [4;36;1mSQL (0.7ms)[0m   [0;1m SELECT name
 FROM sqlite_master
 WHERE type = 'table' AND NOT name = 'sqlite_sequence'
[0m
  [4;35;1mSQL (0.2ms)[0m   [0m SELECT name
 FROM sqlite_master
 WHERE type = 'table' AND NOT name = 'sqlite_sequence'
[0m
  [4;36;1mSQL (0.1ms)[0m   [0;1mSELECT version FROM schema_migrations[0m
Migrating to Initialize (20090914110451)
  [4;35;1mSQL (0.1ms)[0m   [0mselect sqlite_version(*)[0m
  [4;36;1mSQL (0.6ms)[0m   [0;1mCREATE TABLE "users" ("id" INTEGER PRIMARY KEY AUTOINCREMENT NOT NULL, "crypted_password" varchar(40), "salt" varchar(40), "remember_token" varchar(255), "remember_token_expires_at" datetime, "name" varchar(255), "email_address" varchar(255), "administrator" boolean DEFAULT 'f', "created_at" datetime, "updated_at" datetime, "state" varchar(255) DEFAULT 'active', "key_timestamp" datetime) [0m
  [4;35;1mSQL (0.1ms)[0m   [0mINSERT INTO schema_migrations (version) VALUES ('20090914110451')[0m
  [4;36;1mSQL (0.2ms)[0m   [0;1m SELECT name
 FROM sqlite_master
 WHERE type = 'table' AND NOT name = 'sqlite_sequence'
[0m
  [4;35;1mSQL (0.1ms)[0m   [0mSELECT version FROM schema_migrations[0m
  [4;36;1mSQL (0.1ms)[0m   [0;1m SELECT name
 FROM sqlite_master
 WHERE type = 'table' AND NOT name = 'sqlite_sequence'
[0m
  [4;35;1mSQL (0.0ms)[0m   [0mPRAGMA index_list("users")[0m
  [4;36;1mSQL (0.8ms)[0m   [0;1m SELECT name
 FROM sqlite_master
 WHERE type = 'table' AND NOT name = 'sqlite_sequence'
[0m


Processing ApplicationController#index (for 127.0.0.1 at 2009-09-14 13:06:26) [GET]

ActionController::RoutingError (No route matches "/contacts/1-kristian" with {:method=>:get}):
  

Rendering rescues/layout (not_found)
  [4;35;1mSQL (0.4ms)[0m   [0m SELECT name
 FROM sqlite_master
 WHERE type = 'table' AND NOT name = 'sqlite_sequence'
[0m


Processing FrontController#index (for 127.0.0.1 at 2009-09-14 13:06:33) [GET]
Rendering front/index
  DRYML: Compiled /opt/local/lib/ruby/gems/1.8/gems/hobo-0.8.8/taglibs/core.dryml in 0.01s
  DRYML: Compiled /opt/local/lib/ruby/gems/1.8/gems/hobo-0.8.8/taglibs/rapid_core.dryml in 0.15s
  DRYML: Compiled /opt/local/lib/ruby/gems/1.8/gems/hobo-0.8.8/taglibs/rapid_support.dryml in 0.01s
  DRYML: Compiled /opt/local/lib/ruby/gems/1.8/gems/hobo-0.8.8/taglibs/rapid_document_tags.dryml in 0.02s
  DRYML: Compiled /opt/local/lib/ruby/gems/1.8/gems/hobo-0.8.8/taglibs/rapid_pages.dryml in 0.15s
  DRYML: Compiled /opt/local/lib/ruby/gems/1.8/gems/hobo-0.8.8/taglibs/rapid_editing.dryml in 0.10s
  DRYML: Compiled /opt/local/lib/ruby/gems/1.8/gems/hobo-0.8.8/taglibs/rapid_forms.dryml in 0.18s
  DRYML: Compiled /opt/local/lib/ruby/gems/1.8/gems/hobo-0.8.8/taglibs/rapid_navigation.dryml in 0.03s
  DRYML: Compiled /opt/local/lib/ruby/gems/1.8/gems/hobo-0.8.8/taglibs/rapid_plus.dryml in 0.11s
  DRYML: Compiled /opt/local/lib/ruby/gems/1.8/gems/hobo-0.8.8/taglibs/rapid_generics.dryml in 0.02s
  DRYML: Compiled /opt/local/lib/ruby/gems/1.8/gems/hobo-0.8.8/taglibs/rapid_lifecycles.dryml in 0.01s
  DRYML: Compiled /opt/local/lib/ruby/gems/1.8/gems/hobo-0.8.8/taglibs/rapid.dryml in 0.78s
  DRYML: Compiled app/views/taglibs/auto/rapid/cards.dryml in 0.01s
  DRYML: Compiled app/views/taglibs/auto/rapid/pages.dryml in 0.13s
  DRYML: Compiled app/views/taglibs/auto/rapid/forms.dryml in 0.03s
  DRYML: Compiled app/views/taglibs/themes/clean/clean.dryml in 0.01s
  DRYML: Compiled app/views/taglibs/application.dryml in 0.95s
  DRYML: Compiled app/views/front/index.dryml in 0.97s
  [4;36;1mUser Load (0.2ms)[0m   [0;1mSELECT * FROM "users" LIMIT 30[0m
Completed in 1036ms (View: 1027, DB: 1) | 200 OK [http://localhost/]
  [4;35;1mSQL (0.5ms)[0m   [0m SELECT name
 FROM sqlite_master
 WHERE type = 'table' AND NOT name = 'sqlite_sequence'
[0m


Processing UsersController#signup (for 127.0.0.1 at 2009-09-14 13:07:08) [GET]
  Parameters: {"action"=>"signup", "controller"=>"users"}
  DRYML: Compiled /opt/local/lib/ruby/gems/1.8/gems/hobo-0.8.8/taglibs/rapid_user_pages.dryml in 0.15s
  [4;36;1mUser Load (0.2ms)[0m   [0;1mSELECT * FROM "users" LIMIT 30[0m
Completed in 665ms (View: 661, DB: 1) | 200 OK [http://localhost/users/signup]
  [4;35;1mSQL (0.5ms)[0m   [0m SELECT name
 FROM sqlite_master
 WHERE type = 'table' AND NOT name = 'sqlite_sequence'
[0m


Processing UsersController#do_signup (for 127.0.0.1 at 2009-09-14 13:07:21) [POST]
  Parameters: {"page_path"=>"users/signup", "action"=>"do_signup", "authenticity_token"=>"VJvWuMq34S5pxT4rs1eyRpO2DiI87bpSB0x3BcBxsNc=", "controller"=>"users", "user"=>{"name"=>"admin", "password_confirmation"=>"[FILTERED]", "email_address"=>"admin@k.dk", "password"=>"[FILTERED]"}}
  [4;36;1mUser Load (0.1ms)[0m   [0;1mSELECT "users".id FROM "users" WHERE ("users"."name" = 'admin') LIMIT 1[0m
  [4;35;1mUser Load (0.1ms)[0m   [0mSELECT "users".id FROM "users" WHERE (LOWER("users"."email_address") = 'admin@k.dk') LIMIT 1[0m
  [4;36;1mSQL (0.1ms)[0m   [0;1mSELECT count(*) AS count_all FROM "users" [0m
  [4;35;1mUser Create (0.5ms)[0m   [0mINSERT INTO "users" ("salt", "name", "key_timestamp", "created_at", "crypted_password", "remember_token_expires_at", "updated_at", "administrator", "remember_token", "email_address", "state") VALUES('3a830a1b272c427978fadbe0bf0d3f35097476b1', 'admin', NULL, '2009-09-14 11:07:22', 'abaaacc361e84e030180b089d93139bc9927a427', NULL, '2009-09-14 11:07:22', 't', NULL, 'admin@k.dk', 'active')[0m
Redirected to http://localhost:3000
Completed in 316ms (DB: 1) | 302 Found [http://localhost/users/signup]
  [4;36;1mSQL (0.6ms)[0m   [0;1m SELECT name
 FROM sqlite_master
 WHERE type = 'table' AND NOT name = 'sqlite_sequence'
[0m


Processing FrontController#index (for 127.0.0.1 at 2009-09-14 13:07:22) [GET]
  [4;35;1mUser Load (0.5ms)[0m   [0mSELECT * FROM "users" WHERE ("users"."id" = 1) [0m
Rendering front/index
  [4;36;1mUser Load (0.3ms)[0m   [0;1mSELECT * FROM "users" LIMIT 30[0m
Completed in 178ms (View: 174, DB: 1) | 200 OK [http://localhost/]
  [4;35;1mSQL (0.4ms)[0m   [0m SELECT name
 FROM sqlite_master
 WHERE type = 'table' AND NOT name = 'sqlite_sequence'
[0m


Processing FrontController#index (for 127.0.0.1 at 2009-09-14 13:07:23) [GET]
Rendering front/index
  [4;36;1mUser Load (0.4ms)[0m   [0;1mSELECT * FROM "users" LIMIT 30[0m
Completed in 172ms (View: 168, DB: 1) | 200 OK [http://localhost/]
  [4;36;1mSQL (0.7ms)[0m   [0;1m SELECT name
 FROM sqlite_master
 WHERE type = 'table' AND NOT name = 'sqlite_sequence'
[0m
  [4;35;1mSQL (0.1ms)[0m   [0mSELECT version FROM schema_migrations[0m
  [4;36;1mSQL (0.2ms)[0m   [0;1m SELECT name
 FROM sqlite_master
 WHERE type = 'table' AND NOT name = 'sqlite_sequence'
[0m
  [4;35;1mSQL (0.2ms)[0m   [0m SELECT name
 FROM sqlite_master
 WHERE type = 'table' AND NOT name = 'sqlite_sequence'
[0m
  [4;36;1mSQL (0.1ms)[0m   [0;1mselect sqlite_version(*)[0m
  [4;36;1mSQL (0.8ms)[0m   [0;1m SELECT name
 FROM sqlite_master
 WHERE type = 'table' AND NOT name = 'sqlite_sequence'
[0m
  [4;35;1mSQL (0.2ms)[0m   [0m SELECT name
 FROM sqlite_master
 WHERE type = 'table' AND NOT name = 'sqlite_sequence'
[0m
  [4;36;1mSQL (0.1ms)[0m   [0;1mSELECT version FROM schema_migrations[0m
Migrating to Initialize (20090914110451)
Migrating to CreateRecipe (20090914111105)
  [4;35;1mSQL (0.1ms)[0m   [0mselect sqlite_version(*)[0m
  [4;36;1mSQL (0.5ms)[0m   [0;1mCREATE TABLE "recipes" ("id" INTEGER PRIMARY KEY AUTOINCREMENT NOT NULL, "title" varchar(255), "body" text, "country" varchar(255), "created_at" datetime, "updated_at" datetime) [0m
  [4;35;1mSQL (0.1ms)[0m   [0mINSERT INTO schema_migrations (version) VALUES ('20090914111105')[0m
  [4;36;1mSQL (0.2ms)[0m   [0;1m SELECT name
 FROM sqlite_master
 WHERE type = 'table' AND NOT name = 'sqlite_sequence'
[0m
  [4;35;1mSQL (0.1ms)[0m   [0mSELECT version FROM schema_migrations[0m
  [4;36;1mSQL (0.2ms)[0m   [0;1m SELECT name
 FROM sqlite_master
 WHERE type = 'table' AND NOT name = 'sqlite_sequence'
[0m
  [4;35;1mSQL (0.0ms)[0m   [0mPRAGMA index_list("recipes")[0m
  [4;36;1mSQL (0.0ms)[0m   [0;1mPRAGMA index_list("users")[0m
  [4;35;1mSQL (0.5ms)[0m   [0m SELECT name
 FROM sqlite_master
 WHERE type = 'table' AND NOT name = 'sqlite_sequence'
[0m


Processing FrontController#index (for 127.0.0.1 at 2009-09-14 13:11:24) [GET]
  [4;36;1mUser Load (0.3ms)[0m   [0;1mSELECT * FROM "users" WHERE ("users"."id" = 1) [0m
Rendering front/index
  DRYML: Compiled app/views/taglibs/auto/rapid/cards.dryml in 0.01s
  DRYML: Compiled app/views/taglibs/auto/rapid/pages.dryml in 0.19s
  DRYML: Compiled app/views/taglibs/auto/rapid/forms.dryml in 0.03s
  [4;35;1mUser Load (0.4ms)[0m   [0mSELECT * FROM "users" LIMIT 30[0m
Completed in 399ms (View: 396, DB: 1) | 200 OK [http://localhost/]
  [4;36;1mSQL (0.6ms)[0m   [0;1m SELECT name
 FROM sqlite_master
 WHERE type = 'table' AND NOT name = 'sqlite_sequence'
[0m


Processing RecipesController#index (for 127.0.0.1 at 2009-09-14 13:11:27) [GET]
  [4;35;1mUser Load (0.3ms)[0m   [0mSELECT * FROM "users" WHERE ("users"."id" = 1) [0m
  [4;36;1mRecipe Load (0.1ms)[0m   [0;1mSELECT * FROM "recipes" LIMIT 30 OFFSET 0[0m
  [4;35;1mUser Load (0.3ms)[0m   [0mSELECT * FROM "users" LIMIT 30[0m
Completed in 184ms (View: 180, DB: 1) | 200 OK [http://localhost/recipes]
  [4;36;1mSQL (0.5ms)[0m   [0;1m SELECT name
 FROM sqlite_master
 WHERE type = 'table' AND NOT name = 'sqlite_sequence'
[0m


Processing RecipesController#new (for 127.0.0.1 at 2009-09-14 13:11:30) [GET]
  [4;35;1mUser Load (0.3ms)[0m   [0mSELECT * FROM "users" WHERE ("users"."id" = 1) [0m
  [4;36;1mUser Load (0.3ms)[0m   [0;1mSELECT * FROM "users" LIMIT 30[0m
Completed in 204ms (View: 201, DB: 1) | 200 OK [http://localhost/recipes/new]
  [4;35;1mSQL (0.5ms)[0m   [0m SELECT name
 FROM sqlite_master
 WHERE type = 'table' AND NOT name = 'sqlite_sequence'
[0m


Processing RecipesController#create (for 127.0.0.1 at 2009-09-14 13:12:46) [POST]
  Parameters: {"page_path"=>"recipes/new", "authenticity_token"=>"VJvWuMq34S5pxT4rs1eyRpO2DiI87bpSB0x3BcBxsNc=", "recipe"=>{"country"=>"USA", "body"=>"blip", "title"=>"Chicken wings"}}
  [4;36;1mUser Load (0.4ms)[0m   [0;1mSELECT * FROM "users" WHERE ("users"."id" = 1) [0m
  [4;35;1mRecipe Create (0.3ms)[0m   [0mINSERT INTO "recipes" ("created_at", "title", "body", "country", "updated_at") VALUES('2009-09-14 11:12:46', 'Chicken wings', 'blip', 'USA', '2009-09-14 11:12:46')[0m
Redirected to http://localhost:3000/recipes/1-chicken-wings
Completed in 11ms (DB: 1) | 302 Found [http://localhost/recipes]
  [4;36;1mSQL (0.5ms)[0m   [0;1m SELECT name
 FROM sqlite_master
 WHERE type = 'table' AND NOT name = 'sqlite_sequence'
[0m


Processing RecipesController#show (for 127.0.0.1 at 2009-09-14 13:12:46) [GET]
  Parameters: {"id"=>"1-chicken-wings"}
  [4;35;1mUser Load (0.3ms)[0m   [0mSELECT * FROM "users" WHERE ("users"."id" = 1) [0m
  [4;36;1mRecipe Load (0.2ms)[0m   [0;1mSELECT * FROM "recipes" WHERE ("recipes"."id" = 1) [0m
  [4;35;1mUser Load (0.3ms)[0m   [0mSELECT * FROM "users" LIMIT 30[0m
Completed in 190ms (View: 186, DB: 1) | 200 OK [http://localhost/recipes/1-chicken-wings]
  [4;36;1mSQL (0.5ms)[0m   [0;1m SELECT name
 FROM sqlite_master
 WHERE type = 'table' AND NOT name = 'sqlite_sequence'
[0m


Processing RecipesController#index (for 127.0.0.1 at 2009-09-14 13:12:54) [GET]
  [4;35;1mUser Load (0.4ms)[0m   [0mSELECT * FROM "users" WHERE ("users"."id" = 1) [0m
  [4;36;1mRecipe Load (0.2ms)[0m   [0;1mSELECT * FROM "recipes" LIMIT 30 OFFSET 0[0m
  [4;35;1mUser Load (0.3ms)[0m   [0mSELECT * FROM "users" LIMIT 30[0m
Completed in 125ms (View: 120, DB: 1) | 200 OK [http://localhost/recipes]
  [4;36;1mSQL (0.5ms)[0m   [0;1m SELECT name
 FROM sqlite_master
 WHERE type = 'table' AND NOT name = 'sqlite_sequence'
[0m


Processing RecipesController#new (for 127.0.0.1 at 2009-09-14 13:12:57) [GET]
  [4;35;1mUser Load (0.3ms)[0m   [0mSELECT * FROM "users" WHERE ("users"."id" = 1) [0m
  [4;36;1mUser Load (0.3ms)[0m   [0;1mSELECT * FROM "users" LIMIT 30[0m
Completed in 197ms (View: 194, DB: 1) | 200 OK [http://localhost/recipes/new]
  [4;35;1mSQL (0.6ms)[0m   [0m SELECT name
 FROM sqlite_master
 WHERE type = 'table' AND NOT name = 'sqlite_sequence'
[0m


Processing RecipesController#create (for 127.0.0.1 at 2009-09-14 13:13:10) [POST]
  Parameters: {"page_path"=>"recipes/new", "authenticity_token"=>"VJvWuMq34S5pxT4rs1eyRpO2DiI87bpSB0x3BcBxsNc=", "recipe"=>{"country"=>"France", "body"=>"sdfdsg", "title"=>"Omelet"}}
  [4;36;1mUser Load (0.3ms)[0m   [0;1mSELECT * FROM "users" WHERE ("users"."id" = 1) [0m
  [4;35;1mRecipe Create (0.3ms)[0m   [0mINSERT INTO "recipes" ("created_at", "title", "body", "country", "updated_at") VALUES('2009-09-14 11:13:10', 'Omelet', 'sdfdsg', 'France', '2009-09-14 11:13:10')[0m
Redirected to http://localhost:3000/recipes/2-omelet
Completed in 12ms (DB: 1) | 302 Found [http://localhost/recipes]
  [4;36;1mSQL (0.6ms)[0m   [0;1m SELECT name
 FROM sqlite_master
 WHERE type = 'table' AND NOT name = 'sqlite_sequence'
[0m


Processing RecipesController#show (for 127.0.0.1 at 2009-09-14 13:13:11) [GET]
  Parameters: {"id"=>"2-omelet"}
  [4;35;1mUser Load (0.3ms)[0m   [0mSELECT * FROM "users" WHERE ("users"."id" = 1) [0m
  [4;36;1mRecipe Load (0.2ms)[0m   [0;1mSELECT * FROM "recipes" WHERE ("recipes"."id" = 2) [0m
  [4;35;1mUser Load (0.3ms)[0m   [0mSELECT * FROM "users" LIMIT 30[0m
Completed in 183ms (View: 180, DB: 1) | 200 OK [http://localhost/recipes/2-omelet]
  [4;36;1mSQL (0.5ms)[0m   [0;1m SELECT name
 FROM sqlite_master
 WHERE type = 'table' AND NOT name = 'sqlite_sequence'
[0m


Processing RecipesController#index (for 127.0.0.1 at 2009-09-14 13:13:15) [GET]
  [4;35;1mUser Load (0.5ms)[0m   [0mSELECT * FROM "users" WHERE ("users"."id" = 1) [0m
  [4;36;1mRecipe Load (0.9ms)[0m   [0;1mSELECT * FROM "recipes" LIMIT 30 OFFSET 0[0m
  [4;35;1mUser Load (0.3ms)[0m   [0mSELECT * FROM "users" LIMIT 30[0m
Completed in 194ms (View: 188, DB: 2) | 200 OK [http://localhost/recipes]
  [4;36;1mSQL (0.5ms)[0m   [0;1m SELECT name
 FROM sqlite_master
 WHERE type = 'table' AND NOT name = 'sqlite_sequence'
[0m


Processing RecipesController#new (for 127.0.0.1 at 2009-09-14 13:13:18) [GET]
  [4;35;1mUser Load (0.3ms)[0m   [0mSELECT * FROM "users" WHERE ("users"."id" = 1) [0m
  [4;36;1mUser Load (0.3ms)[0m   [0;1mSELECT * FROM "users" LIMIT 30[0m
Completed in 197ms (View: 194, DB: 1) | 200 OK [http://localhost/recipes/new]
  [4;35;1mSQL (0.5ms)[0m   [0m SELECT name
 FROM sqlite_master
 WHERE type = 'table' AND NOT name = 'sqlite_sequence'
[0m


Processing RecipesController#create (for 127.0.0.1 at 2009-09-14 13:13:31) [POST]
  Parameters: {"page_path"=>"recipes/new", "authenticity_token"=>"VJvWuMq34S5pxT4rs1eyRpO2DiI87bpSB0x3BcBxsNc=", "recipe"=>{"country"=>"USA", "body"=>"dgdsg", "title"=>"Hamburger"}}
  [4;36;1mUser Load (0.3ms)[0m   [0;1mSELECT * FROM "users" WHERE ("users"."id" = 1) [0m
  [4;35;1mRecipe Create (0.3ms)[0m   [0mINSERT INTO "recipes" ("created_at", "title", "body", "country", "updated_at") VALUES('2009-09-14 11:13:31', 'Hamburger', 'dgdsg', 'USA', '2009-09-14 11:13:31')[0m
Redirected to http://localhost:3000/recipes/3-hamburger
Completed in 12ms (DB: 1) | 302 Found [http://localhost/recipes]
  [4;36;1mSQL (0.5ms)[0m   [0;1m SELECT name
 FROM sqlite_master
 WHERE type = 'table' AND NOT name = 'sqlite_sequence'
[0m


Processing RecipesController#show (for 127.0.0.1 at 2009-09-14 13:13:31) [GET]
  Parameters: {"id"=>"3-hamburger"}
  [4;35;1mUser Load (0.4ms)[0m   [0mSELECT * FROM "users" WHERE ("users"."id" = 1) [0m
  [4;36;1mRecipe Load (0.2ms)[0m   [0;1mSELECT * FROM "recipes" WHERE ("recipes"."id" = 3) [0m
  [4;35;1mUser Load (0.3ms)[0m   [0mSELECT * FROM "users" LIMIT 30[0m
Completed in 120ms (View: 116, DB: 1) | 200 OK [http://localhost/recipes/3-hamburger]
  [4;36;1mSQL (0.5ms)[0m   [0;1m SELECT name
 FROM sqlite_master
 WHERE type = 'table' AND NOT name = 'sqlite_sequence'
[0m


Processing Hobo::DevController#set_current_user (for 127.0.0.1 at 2009-09-14 13:13:41) [GET]
  Parameters: {"login"=>""}
  [4;35;1mUser Load (0.3ms)[0m   [0mSELECT * FROM "users" WHERE ("users"."id" = 1) [0m
  [4;36;1mUser Load (0.1ms)[0m   [0;1mSELECT * FROM "users" WHERE ("users"."email_address" = '') LIMIT 1[0m
Redirected to http://localhost:3000/recipes/3-hamburger
Completed in 26ms (DB: 1) | 302 Found [http://localhost/dev/set_current_user?login=]
  [4;35;1mSQL (0.5ms)[0m   [0m SELECT name
 FROM sqlite_master
 WHERE type = 'table' AND NOT name = 'sqlite_sequence'
[0m


Processing RecipesController#show (for 127.0.0.1 at 2009-09-14 13:13:41) [GET]
  Parameters: {"id"=>"3-hamburger"}
  [4;36;1mRecipe Load (0.3ms)[0m   [0;1mSELECT * FROM "recipes" WHERE ("recipes"."id" = 3) [0m
  [4;35;1mUser Load (0.3ms)[0m   [0mSELECT * FROM "users" LIMIT 30[0m
Completed in 117ms (View: 112, DB: 1) | 200 OK [http://localhost/recipes/3-hamburger]
  [4;36;1mSQL (0.8ms)[0m   [0;1m SELECT name
 FROM sqlite_master
 WHERE type = 'table' AND NOT name = 'sqlite_sequence'
[0m


Processing RecipesController#index (for 127.0.0.1 at 2009-09-14 13:13:50) [GET]
  [4;35;1mRecipe Load (0.3ms)[0m   [0mSELECT * FROM "recipes" LIMIT 30 OFFSET 0[0m
  [4;36;1mUser Load (0.4ms)[0m   [0;1mSELECT * FROM "users" LIMIT 30[0m
Completed in 191ms (View: 187, DB: 2) | 200 OK [http://localhost/recipes]
  [4;35;1mSQL (0.5ms)[0m   [0m SELECT name
 FROM sqlite_master
 WHERE type = 'table' AND NOT name = 'sqlite_sequence'
[0m


Processing RecipesController#show (for 127.0.0.1 at 2009-09-14 13:13:53) [GET]
  Parameters: {"id"=>"1-chicken-wings"}
  [4;36;1mRecipe Load (0.3ms)[0m   [0;1mSELECT * FROM "recipes" WHERE ("recipes"."id" = 1) [0m
  [4;35;1mUser Load (0.3ms)[0m   [0mSELECT * FROM "users" LIMIT 30[0m
Completed in 115ms (View: 111, DB: 1) | 200 OK [http://localhost/recipes/1-chicken-wings]
  [4;36;1mSQL (0.5ms)[0m   [0;1m SELECT name
 FROM sqlite_master
 WHERE type = 'table' AND NOT name = 'sqlite_sequence'
[0m


Processing RecipesController#show (for 127.0.0.1 at 2009-09-14 13:15:12) [GET]
  Parameters: {"id"=>"1-chicken-wings"}
  [4;35;1mRecipe Load (0.3ms)[0m   [0mSELECT * FROM "recipes" WHERE ("recipes"."id" = 1) [0m
  [4;36;1mUser Load (0.3ms)[0m   [0;1mSELECT * FROM "users" LIMIT 30[0m
Completed in 184ms (View: 180, DB: 1) | 200 OK [http://localhost/recipes/1-chicken-wings]
  [4;35;1mSQL (0.5ms)[0m   [0m SELECT name
 FROM sqlite_master
 WHERE type = 'table' AND NOT name = 'sqlite_sequence'
[0m


Processing RecipesController#index (for 127.0.0.1 at 2009-09-14 13:15:16) [GET]
  [4;36;1mRecipe Load (0.4ms)[0m   [0;1mSELECT * FROM "recipes" LIMIT 30 OFFSET 0[0m
  [4;35;1mUser Load (0.3ms)[0m   [0mSELECT * FROM "users" LIMIT 30[0m
Completed in 123ms (View: 118, DB: 1) | 200 OK [http://localhost/recipes]
  [4;36;1mSQL (0.6ms)[0m   [0;1m SELECT name
 FROM sqlite_master
 WHERE type = 'table' AND NOT name = 'sqlite_sequence'
[0m


Processing RecipesController#show (for 127.0.0.1 at 2009-09-14 13:15:24) [GET]
  Parameters: {"id"=>"1-chicken-wings"}
  [4;35;1mRecipe Load (0.2ms)[0m   [0mSELECT * FROM "recipes" WHERE ("recipes"."id" = 1) [0m
  [4;36;1mUser Load (0.3ms)[0m   [0;1mSELECT * FROM "users" LIMIT 30[0m
Completed in 185ms (View: 181, DB: 1) | 200 OK [http://localhost/recipes/1-chicken-wings]
  [4;35;1mSQL (0.5ms)[0m   [0m SELECT name
 FROM sqlite_master
 WHERE type = 'table' AND NOT name = 'sqlite_sequence'
[0m


Processing UsersController#signup (for 127.0.0.1 at 2009-09-14 13:15:33) [GET]
  Parameters: {"action"=>"signup", "controller"=>"users"}
  [4;36;1mUser Load (0.3ms)[0m   [0;1mSELECT * FROM "users" LIMIT 30[0m
Completed in 205ms (View: 201, DB: 1) | 200 OK [http://localhost/users/signup]
  [4;35;1mSQL (0.5ms)[0m   [0m SELECT name
 FROM sqlite_master
 WHERE type = 'table' AND NOT name = 'sqlite_sequence'
[0m


Processing UsersController#do_signup (for 127.0.0.1 at 2009-09-14 13:15:46) [POST]
  Parameters: {"page_path"=>"users/signup", "action"=>"do_signup", "authenticity_token"=>"VJvWuMq34S5pxT4rs1eyRpO2DiI87bpSB0x3BcBxsNc=", "controller"=>"users", "user"=>{"name"=>"user", "password_confirmation"=>"[FILTERED]", "email_address"=>"user@k.dk", "password"=>"[FILTERED]"}}
  [4;36;1mUser Load (0.2ms)[0m   [0;1mSELECT "users".id FROM "users" WHERE ("users"."name" = 'user') LIMIT 1[0m
  [4;35;1mUser Load (0.1ms)[0m   [0mSELECT "users".id FROM "users" WHERE (LOWER("users"."email_address") = 'user@k.dk') LIMIT 1[0m
  [4;36;1mSQL (0.1ms)[0m   [0;1mSELECT count(*) AS count_all FROM "users" [0m
  [4;35;1mUser Create (0.3ms)[0m   [0mINSERT INTO "users" ("salt", "name", "key_timestamp", "created_at", "crypted_password", "remember_token_expires_at", "updated_at", "administrator", "remember_token", "email_address", "state") VALUES('86f568ec7e98a035e8a00df834d5f64cc6f21d38', 'user', NULL, '2009-09-14 11:15:46', '0f9ba10f3965b815d554849c4f4f6cf4711deb68', NULL, '2009-09-14 11:15:46', 'f', NULL, 'user@k.dk', 'active')[0m
Redirected to http://localhost:3000
Completed in 12ms (DB: 1) | 302 Found [http://localhost/users/signup]
  [4;36;1mSQL (0.6ms)[0m   [0;1m SELECT name
 FROM sqlite_master
 WHERE type = 'table' AND NOT name = 'sqlite_sequence'
[0m


Processing FrontController#index (for 127.0.0.1 at 2009-09-14 13:15:46) [GET]
  [4;35;1mUser Load (0.6ms)[0m   [0mSELECT * FROM "users" WHERE ("users"."id" = 2) [0m
Rendering front/index
  [4;36;1mUser Load (0.4ms)[0m   [0;1mSELECT * FROM "users" LIMIT 30[0m
Completed in 179ms (View: 176, DB: 2) | 200 OK [http://localhost/]
  [4;35;1mSQL (0.5ms)[0m   [0m SELECT name
 FROM sqlite_master
 WHERE type = 'table' AND NOT name = 'sqlite_sequence'
[0m


Processing FrontController#index (for 127.0.0.1 at 2009-09-14 13:15:47) [GET]
Rendering front/index
  [4;36;1mUser Load (0.4ms)[0m   [0;1mSELECT * FROM "users" LIMIT 30[0m
Completed in 116ms (View: 113, DB: 1) | 200 OK [http://localhost/]
  [4;35;1mSQL (0.6ms)[0m   [0m SELECT name
 FROM sqlite_master
 WHERE type = 'table' AND NOT name = 'sqlite_sequence'
[0m


Processing RecipesController#index (for 127.0.0.1 at 2009-09-14 13:15:51) [GET]
  [4;36;1mUser Load (0.3ms)[0m   [0;1mSELECT * FROM "users" WHERE ("users"."id" = 2) [0m
  [4;35;1mRecipe Load (0.3ms)[0m   [0mSELECT * FROM "recipes" LIMIT 30 OFFSET 0[0m
  [4;36;1mUser Load (0.5ms)[0m   [0;1mSELECT * FROM "users" LIMIT 30[0m
Completed in 190ms (View: 186, DB: 2) | 200 OK [http://localhost/recipes]
  [4;35;1mSQL (0.5ms)[0m   [0m SELECT name
 FROM sqlite_master
 WHERE type = 'table' AND NOT name = 'sqlite_sequence'
[0m


Processing RecipesController#show (for 127.0.0.1 at 2009-09-14 13:15:55) [GET]
  Parameters: {"id"=>"1-chicken-wings"}
  [4;36;1mUser Load (0.6ms)[0m   [0;1mSELECT * FROM "users" WHERE ("users"."id" = 2) [0m
  [4;35;1mRecipe Load (0.2ms)[0m   [0mSELECT * FROM "recipes" WHERE ("recipes"."id" = 1) [0m
  [4;36;1mUser Load (0.4ms)[0m   [0;1mSELECT * FROM "users" LIMIT 30[0m
Completed in 192ms (View: 187, DB: 2) | 200 OK [http://localhost/recipes/1-chicken-wings]
  [4;35;1mSQL (0.5ms)[0m   [0m SELECT name
 FROM sqlite_master
 WHERE type = 'table' AND NOT name = 'sqlite_sequence'
[0m


Processing RecipesController#show (for 127.0.0.1 at 2009-09-14 13:16:34) [GET]
  Parameters: {"id"=>"1-chicken-wings"}
  [4;36;1mUser Load (0.3ms)[0m   [0;1mSELECT * FROM "users" WHERE ("users"."id" = 2) [0m
  [4;35;1mRecipe Load (0.2ms)[0m   [0mSELECT * FROM "recipes" WHERE ("recipes"."id" = 1) [0m
  [4;36;1mUser Load (0.4ms)[0m   [0;1mSELECT * FROM "users" LIMIT 30[0m
Completed in 117ms (View: 113, DB: 1) | 200 OK [http://localhost/recipes/1-chicken-wings]
  [4;35;1mSQL (0.5ms)[0m   [0m SELECT name
 FROM sqlite_master
 WHERE type = 'table' AND NOT name = 'sqlite_sequence'
[0m


Processing RecipesController#show (for 127.0.0.1 at 2009-09-14 13:17:32) [GET]
  Parameters: {"id"=>"1-chicken-wings"}
  [4;36;1mUser Load (0.3ms)[0m   [0;1mSELECT * FROM "users" WHERE ("users"."id" = 2) [0m
  [4;35;1mRecipe Load (0.2ms)[0m   [0mSELECT * FROM "recipes" WHERE ("recipes"."id" = 1) [0m
  [4;36;1mUser Load (0.4ms)[0m   [0;1mSELECT * FROM "users" LIMIT 30[0m
Completed in 185ms (View: 181, DB: 1) | 200 OK [http://localhost/recipes/1-chicken-wings]
  [4;35;1mSQL (0.7ms)[0m   [0m SELECT name
 FROM sqlite_master
 WHERE type = 'table' AND NOT name = 'sqlite_sequence'
[0m


Processing RecipesController#index (for 127.0.0.1 at 2009-09-14 13:17:37) [GET]
  [4;36;1mUser Load (0.3ms)[0m   [0;1mSELECT * FROM "users" WHERE ("users"."id" = 2) [0m
  [4;35;1mRecipe Load (0.3ms)[0m   [0mSELECT * FROM "recipes" LIMIT 30 OFFSET 0[0m
  [4;36;1mUser Load (0.4ms)[0m   [0;1mSELECT * FROM "users" LIMIT 30[0m
Completed in 190ms (View: 186, DB: 2) | 200 OK [http://localhost/recipes]
  [4;35;1mSQL (0.6ms)[0m   [0m SELECT name
 FROM sqlite_master
 WHERE type = 'table' AND NOT name = 'sqlite_sequence'
[0m


Processing RecipesController#show (for 127.0.0.1 at 2009-09-14 13:17:54) [GET]
  Parameters: {"id"=>"1-chicken-wings"}
  [4;36;1mUser Load (0.4ms)[0m   [0;1mSELECT * FROM "users" WHERE ("users"."id" = 2) [0m
  [4;35;1mRecipe Load (0.2ms)[0m   [0mSELECT * FROM "recipes" WHERE ("recipes"."id" = 1) [0m
  [4;36;1mUser Load (0.4ms)[0m   [0;1mSELECT * FROM "users" LIMIT 30[0m
Completed in 207ms (View: 202, DB: 2) | 200 OK [http://localhost/recipes/1-chicken-wings]
  [4;35;1mSQL (0.5ms)[0m   [0m SELECT name
 FROM sqlite_master
 WHERE type = 'table' AND NOT name = 'sqlite_sequence'
[0m


Processing RecipesController#edit (for 127.0.0.1 at 2009-09-14 13:17:57) [GET]
  Parameters: {"id"=>"1-chicken-wings"}
  [4;36;1mUser Load (0.3ms)[0m   [0;1mSELECT * FROM "users" WHERE ("users"."id" = 2) [0m
  [4;35;1mRecipe Load (0.2ms)[0m   [0mSELECT * FROM "recipes" WHERE ("recipes"."id" = 1) [0m
  [4;36;1mUser Load (0.4ms)[0m   [0;1mSELECT * FROM "users" LIMIT 30[0m
Completed in 200ms (View: 196, DB: 1) | 200 OK [http://localhost/recipes/1-chicken-wings/edit]
  [4;35;1mSQL (0.5ms)[0m   [0m SELECT name
 FROM sqlite_master
 WHERE type = 'table' AND NOT name = 'sqlite_sequence'
[0m


Processing RecipesController#index (for 127.0.0.1 at 2009-09-14 13:18:24) [GET]
  [4;36;1mUser Load (0.3ms)[0m   [0;1mSELECT * FROM "users" WHERE ("users"."id" = 2) [0m
  [4;35;1mRecipe Load (0.3ms)[0m   [0mSELECT * FROM "recipes" LIMIT 30 OFFSET 0[0m
  [4;36;1mUser Load (0.4ms)[0m   [0;1mSELECT * FROM "users" LIMIT 30[0m
Completed in 120ms (View: 116, DB: 2) | 200 OK [http://localhost/recipes]
  [4;35;1mSQL (0.6ms)[0m   [0m SELECT name
 FROM sqlite_master
 WHERE type = 'table' AND NOT name = 'sqlite_sequence'
[0m


Processing Hobo::DevController#set_current_user (for 127.0.0.1 at 2009-09-14 13:18:50) [GET]
  Parameters: {"login"=>""}
  [4;36;1mUser Load (0.3ms)[0m   [0;1mSELECT * FROM "users" WHERE ("users"."id" = 2) [0m
  [4;35;1mUser Load (0.1ms)[0m   [0mSELECT * FROM "users" WHERE ("users"."email_address" = '') LIMIT 1[0m
Redirected to http://localhost:3000/recipes
Completed in 2ms (DB: 1) | 302 Found [http://localhost/dev/set_current_user?login=]
  [4;36;1mSQL (0.5ms)[0m   [0;1m SELECT name
 FROM sqlite_master
 WHERE type = 'table' AND NOT name = 'sqlite_sequence'
[0m


Processing RecipesController#index (for 127.0.0.1 at 2009-09-14 13:18:51) [GET]
  [4;35;1mRecipe Load (0.4ms)[0m   [0mSELECT * FROM "recipes" LIMIT 30 OFFSET 0[0m
  [4;36;1mUser Load (0.4ms)[0m   [0;1mSELECT * FROM "users" LIMIT 30[0m
Completed in 187ms (View: 182, DB: 1) | 200 OK [http://localhost/recipes]
  [4;35;1mSQL (0.5ms)[0m   [0m SELECT name
 FROM sqlite_master
 WHERE type = 'table' AND NOT name = 'sqlite_sequence'
[0m


Processing RecipesController#index (for 127.0.0.1 at 2009-09-14 13:20:22) [GET]
  DRYML: Compiled app/views/taglibs/auto/rapid/pages.dryml in 0.18s
Completed in 342ms (View: 338, DB: 1) | 200 OK [http://localhost/recipes]
  [4;36;1mSQL (0.5ms)[0m   [0;1m SELECT name
 FROM sqlite_master
 WHERE type = 'table' AND NOT name = 'sqlite_sequence'
[0m


Processing FrontController#index (for 127.0.0.1 at 2009-09-14 13:20:28) [GET]
Rendering front/index
  [4;35;1mUser Load (0.4ms)[0m   [0mSELECT * FROM "users" LIMIT 30[0m
Completed in 107ms (View: 103, DB: 1) | 200 OK [http://localhost/]
  [4;36;1mSQL (0.5ms)[0m   [0;1m SELECT name
 FROM sqlite_master
 WHERE type = 'table' AND NOT name = 'sqlite_sequence'
[0m


Processing FrontController#index (for 127.0.0.1 at 2009-09-14 13:21:52) [GET]
Rendering front/index
  DRYML: Compiled app/views/taglibs/auto/rapid/cards.dryml in 0.02s
  DRYML: Compiled app/views/taglibs/auto/rapid/pages.dryml in 0.18s
  [4;35;1mUser Load (0.5ms)[0m   [0mSELECT * FROM "users" LIMIT 30[0m
Completed in 366ms (View: 362, DB: 1) | 200 OK [http://localhost/]
  [4;36;1mSQL (0.6ms)[0m   [0;1m SELECT name
 FROM sqlite_master
 WHERE type = 'table' AND NOT name = 'sqlite_sequence'
[0m


Processing RecipesController#index (for 127.0.0.1 at 2009-09-14 13:21:55) [GET]
  [4;35;1mRecipe Load (0.4ms)[0m   [0mSELECT * FROM "recipes" LIMIT 30 OFFSET 0[0m
  [4;36;1mUser Load (0.4ms)[0m   [0;1mSELECT * FROM "users" LIMIT 30[0m
Completed in 123ms (View: 118, DB: 1) | 200 OK [http://localhost/recipes]
  [4;35;1mSQL (0.5ms)[0m   [0m SELECT name
 FROM sqlite_master
 WHERE type = 'table' AND NOT name = 'sqlite_sequence'
[0m


Processing RecipesController#index (for 127.0.0.1 at 2009-09-14 13:22:31) [GET]
  [4;36;1mRecipe Load (0.4ms)[0m   [0;1mSELECT * FROM "recipes" LIMIT 30 OFFSET 0[0m
  DRYML: Compiled app/views/taglibs/auto/rapid/pages.dryml in 0.18s
  [4;35;1mUser Load (0.4ms)[0m   [0mSELECT * FROM "users" LIMIT 30[0m
Completed in 368ms (View: 364, DB: 1) | 200 OK [http://localhost/recipes]
  [4;36;1mSQL (0.5ms)[0m   [0;1m SELECT name
 FROM sqlite_master
 WHERE type = 'table' AND NOT name = 'sqlite_sequence'
[0m


Processing RecipesController#index (for 127.0.0.1 at 2009-09-14 13:22:49) [GET]
  [4;35;1mRecipe Load (0.4ms)[0m   [0mSELECT * FROM "recipes" LIMIT 30 OFFSET 0[0m
  DRYML: Compiled app/views/taglibs/auto/rapid/pages.dryml in 0.18s
  [4;36;1mUser Load (0.4ms)[0m   [0;1mSELECT * FROM "users" LIMIT 30[0m
Completed in 298ms (View: 293, DB: 1) | 200 OK [http://localhost/recipes]
  [4;35;1mSQL (0.5ms)[0m   [0m SELECT name
 FROM sqlite_master
 WHERE type = 'table' AND NOT name = 'sqlite_sequence'
[0m


Processing RecipesController#index (for 127.0.0.1 at 2009-09-14 13:23:00) [GET]
  [4;36;1mRecipe Load (0.3ms)[0m   [0;1mSELECT * FROM "recipes" LIMIT 30 OFFSET 0[0m
  DRYML: Compiled app/views/taglibs/auto/rapid/pages.dryml in 0.18s
  [4;35;1mUser Load (0.5ms)[0m   [0mSELECT * FROM "users" LIMIT 30[0m
Completed in 366ms (View: 361, DB: 1) | 200 OK [http://localhost/recipes]
  [4;36;1mSQL (0.5ms)[0m   [0;1m SELECT name
 FROM sqlite_master
 WHERE type = 'table' AND NOT name = 'sqlite_sequence'
[0m


Processing RecipesController#index (for 127.0.0.1 at 2009-09-14 13:23:08) [GET]
  [4;35;1mRecipe Load (0.4ms)[0m   [0mSELECT * FROM "recipes" LIMIT 30 OFFSET 0[0m
  DRYML: Compiled app/views/taglibs/auto/rapid/pages.dryml in 0.20s
  [4;36;1mUser Load (0.5ms)[0m   [0;1mSELECT * FROM "users" LIMIT 30[0m
Completed in 311ms (View: 306, DB: 1) | 200 OK [http://localhost/recipes]
  [4;35;1mSQL (0.5ms)[0m   [0m SELECT name
 FROM sqlite_master
 WHERE type = 'table' AND NOT name = 'sqlite_sequence'
[0m


Processing RecipesController#index (for 127.0.0.1 at 2009-09-14 13:23:32) [GET]
  [4;36;1mRecipe Load (0.3ms)[0m   [0;1mSELECT * FROM "recipes" LIMIT 30 OFFSET 0[0m
  DRYML: Compiled app/views/taglibs/auto/rapid/cards.dryml in 0.01s
  DRYML: Compiled app/views/taglibs/auto/rapid/pages.dryml in 0.18s
  [4;35;1mUser Load (0.4ms)[0m   [0mSELECT * FROM "users" LIMIT 30[0m
Completed in 373ms (View: 368, DB: 1) | 200 OK [http://localhost/recipes]
  [4;36;1mSQL (1.9ms)[0m   [0;1m SELECT name
 FROM sqlite_master
 WHERE type = 'table' AND NOT name = 'sqlite_sequence'
[0m


Processing RecipesController#show (for 127.0.0.1 at 2009-09-14 13:23:37) [GET]
  Parameters: {"id"=>"1-chicken-wings"}
  [4;35;1mRecipe Load (0.3ms)[0m   [0mSELECT * FROM "recipes" WHERE ("recipes"."id" = 1) [0m
  [4;36;1mUser Load (0.4ms)[0m   [0;1mSELECT * FROM "users" LIMIT 30[0m
Completed in 117ms (View: 112, DB: 3) | 200 OK [http://localhost/recipes/1-chicken-wings]
  [4;35;1mSQL (0.5ms)[0m   [0m SELECT name
 FROM sqlite_master
 WHERE type = 'table' AND NOT name = 'sqlite_sequence'
[0m


Processing RecipesController#1-chicken-wings (for 127.0.0.1 at 2009-09-14 13:23:46) [GET]
  DRYML: Compiled app/views/taglibs/auto/rapid/cards.dryml in 0.08s
  DRYML: Compiled app/views/taglibs/auto/rapid/pages.dryml in 0.19s

ActionController::UnknownAction (No action responded to 1-chicken-wings. Actions: access_denied, authenticated_user_from_cookie, authorized?, create, create_auth_cookie, destroy, login_from_cookie, login_required, model, redirect_back_or_default, store_location, and update):
  hobo (0.8.8) lib/hobo/controller.rb:22:in `call'
  hobo (0.8.8) lib/hobo/controller.rb:22:in `included_in_class'

Rendering rescues/layout (not_found)
  [4;36;1mSQL (0.5ms)[0m   [0;1m SELECT name
 FROM sqlite_master
 WHERE type = 'table' AND NOT name = 'sqlite_sequence'
[0m


Processing RecipesController#index (for 127.0.0.1 at 2009-09-14 13:23:50) [GET]
Completed in 170ms (View: 166, DB: 0) | 200 OK [http://localhost/recipes]
  [4;35;1mSQL (0.5ms)[0m   [0m SELECT name
 FROM sqlite_master
 WHERE type = 'table' AND NOT name = 'sqlite_sequence'
[0m


Processing FrontController#index (for 127.0.0.1 at 2009-09-14 13:23:51) [GET]
Rendering front/index
  [4;36;1mUser Load (0.4ms)[0m   [0;1mSELECT * FROM "users" LIMIT 30[0m
Completed in 201ms (View: 197, DB: 1) | 200 OK [http://localhost/]
  [4;35;1mSQL (0.5ms)[0m   [0m SELECT name
 FROM sqlite_master
 WHERE type = 'table' AND NOT name = 'sqlite_sequence'
[0m


Processing RecipesController#index (for 127.0.0.1 at 2009-09-14 13:23:53) [GET]
Completed in 105ms (View: 101, DB: 0) | 200 OK [http://localhost/recipes]
  [4;36;1mSQL (0.5ms)[0m   [0;1m SELECT name
 FROM sqlite_master
 WHERE type = 'table' AND NOT name = 'sqlite_sequence'
[0m


Processing FrontController#index (for 127.0.0.1 at 2009-09-14 13:23:57) [GET]
Rendering front/index
  [4;35;1mUser Load (0.4ms)[0m   [0mSELECT * FROM "users" LIMIT 30[0m
Completed in 107ms (View: 104, DB: 1) | 200 OK [http://localhost/]
  [4;36;1mSQL (0.5ms)[0m   [0;1m SELECT name
 FROM sqlite_master
 WHERE type = 'table' AND NOT name = 'sqlite_sequence'
[0m


Processing FrontController#index (for 127.0.0.1 at 2009-09-14 13:25:40) [GET]
Rendering front/index
  DRYML: Compiled app/views/taglibs/auto/rapid/cards.dryml in 0.08s
  DRYML: Compiled app/views/taglibs/auto/rapid/pages.dryml in 0.19s
  DRYML: Compiled app/views/taglibs/application.dryml in 0.35s
  [4;35;1mUser Load (0.4ms)[0m   [0mSELECT * FROM "users" LIMIT 30[0m
Completed in 372ms (View: 368, DB: 1) | 200 OK [http://localhost/]
  [4;36;1mSQL (0.5ms)[0m   [0;1m SELECT name
 FROM sqlite_master
 WHERE type = 'table' AND NOT name = 'sqlite_sequence'
[0m


Processing RecipesController#index (for 127.0.0.1 at 2009-09-14 13:25:43) [GET]
  [4;35;1mRecipe Load (0.4ms)[0m   [0mSELECT * FROM "recipes" LIMIT 30 OFFSET 0[0m
  [4;36;1mUser Load (0.4ms)[0m   [0;1mSELECT * FROM "users" LIMIT 30[0m
Completed in 126ms (View: 120, DB: 1) | 200 OK [http://localhost/recipes]
  [4;35;1mSQL (0.5ms)[0m   [0m SELECT name
 FROM sqlite_master
 WHERE type = 'table' AND NOT name = 'sqlite_sequence'
[0m


Processing RecipesController#show (for 127.0.0.1 at 2009-09-14 13:25:54) [GET]
  Parameters: {"id"=>"1-chicken-wings"}
  [4;36;1mRecipe Load (0.2ms)[0m   [0;1mSELECT * FROM "recipes" WHERE ("recipes"."id" = 1) [0m
  [4;35;1mUser Load (0.5ms)[0m   [0mSELECT * FROM "users" LIMIT 30[0m
Completed in 200ms (View: 195, DB: 1) | 200 OK [http://localhost/recipes/1-chicken-wings]
  [4;36;1mSQL (0.5ms)[0m   [0;1m SELECT name
 FROM sqlite_master
 WHERE type = 'table' AND NOT name = 'sqlite_sequence'
[0m


Processing RecipesController#index (for 127.0.0.1 at 2009-09-14 13:25:57) [GET]
  [4;35;1mRecipe Load (0.4ms)[0m   [0mSELECT * FROM "recipes" LIMIT 30 OFFSET 0[0m
  [4;36;1mUser Load (0.4ms)[0m   [0;1mSELECT * FROM "users" LIMIT 30[0m
Completed in 122ms (View: 117, DB: 1) | 200 OK [http://localhost/recipes]
  [4;35;1mSQL (0.5ms)[0m   [0m SELECT name
 FROM sqlite_master
 WHERE type = 'table' AND NOT name = 'sqlite_sequence'
[0m


Processing Hobo::DevController#set_current_user (for 127.0.0.1 at 2009-09-14 13:26:17) [GET]
  Parameters: {"login"=>"user@k.dk"}
  [4;36;1mUser Load (0.3ms)[0m   [0;1mSELECT * FROM "users" WHERE ("users"."email_address" = 'user@k.dk') LIMIT 1[0m
Redirected to http://localhost:3000/recipes
Completed in 3ms (DB: 1) | 302 Found [http://localhost/dev/set_current_user?login=user@k.dk]
  [4;35;1mSQL (0.5ms)[0m   [0m SELECT name
 FROM sqlite_master
 WHERE type = 'table' AND NOT name = 'sqlite_sequence'
[0m


Processing RecipesController#index (for 127.0.0.1 at 2009-09-14 13:26:17) [GET]
  [4;36;1mUser Load (0.3ms)[0m   [0;1mSELECT * FROM "users" WHERE ("users"."id" = 2) [0m
  [4;35;1mRecipe Load (0.3ms)[0m   [0mSELECT * FROM "recipes" LIMIT 30 OFFSET 0[0m
  [4;36;1mUser Load (0.4ms)[0m   [0;1mSELECT * FROM "users" LIMIT 30[0m
Completed in 121ms (View: 117, DB: 2) | 200 OK [http://localhost/recipes]
  [4;35;1mSQL (0.6ms)[0m   [0m SELECT name
 FROM sqlite_master
 WHERE type = 'table' AND NOT name = 'sqlite_sequence'
[0m


Processing RecipesController#show (for 127.0.0.1 at 2009-09-14 13:26:21) [GET]
  Parameters: {"id"=>"1-chicken-wings"}
  [4;36;1mUser Load (0.3ms)[0m   [0;1mSELECT * FROM "users" WHERE ("users"."id" = 2) [0m
  [4;35;1mRecipe Load (0.2ms)[0m   [0mSELECT * FROM "recipes" WHERE ("recipes"."id" = 1) [0m
  [4;36;1mUser Load (0.4ms)[0m   [0;1mSELECT * FROM "users" LIMIT 30[0m
Completed in 190ms (View: 186, DB: 2) | 200 OK [http://localhost/recipes/1-chicken-wings]
  [4;35;1mSQL (0.5ms)[0m   [0m SELECT name
 FROM sqlite_master
 WHERE type = 'table' AND NOT name = 'sqlite_sequence'
[0m


Processing RecipesController#show (for 127.0.0.1 at 2009-09-14 13:26:59) [GET]
  Parameters: {"id"=>"1-chicken-wings"}
  [4;36;1mUser Load (0.3ms)[0m   [0;1mSELECT * FROM "users" WHERE ("users"."id" = 2) [0m
  [4;35;1mRecipe Load (0.2ms)[0m   [0mSELECT * FROM "recipes" WHERE ("recipes"."id" = 1) [0m
  DRYML: Compiled app/views/taglibs/application.dryml in 0.09s
  [4;36;1mUser Load (0.4ms)[0m   [0;1mSELECT * FROM "users" LIMIT 30[0m
Completed in 123ms (View: 119, DB: 1) | 200 OK [http://localhost/recipes/1-chicken-wings]
  [4;36;1mSQL (0.9ms)[0m   [0;1m SELECT name
 FROM sqlite_master
 WHERE type = 'table' AND NOT name = 'sqlite_sequence'
[0m


Processing RecipesController#show (for 127.0.0.1 at 2009-09-14 13:29:46) [GET]
  Parameters: {"id"=>"1-chicken-wings"}
  [4;35;1mUser Load (0.4ms)[0m   [0mSELECT * FROM "users" WHERE ("users"."id" = 2) [0m
  [4;36;1mRecipe Load (0.2ms)[0m   [0;1mSELECT * FROM "recipes" WHERE ("recipes"."id" = 1) [0m
  DRYML: Compiled /opt/local/lib/ruby/gems/1.8/gems/hobo-0.8.8/taglibs/core.dryml in 0.02s
  DRYML: Compiled /opt/local/lib/ruby/gems/1.8/gems/hobo-0.8.8/taglibs/rapid_core.dryml in 0.15s
  DRYML: Compiled /opt/local/lib/ruby/gems/1.8/gems/hobo-0.8.8/taglibs/rapid_support.dryml in 0.01s
  DRYML: Compiled /opt/local/lib/ruby/gems/1.8/gems/hobo-0.8.8/taglibs/rapid_document_tags.dryml in 0.02s
  DRYML: Compiled /opt/local/lib/ruby/gems/1.8/gems/hobo-0.8.8/taglibs/rapid_pages.dryml in 0.15s
  DRYML: Compiled /opt/local/lib/ruby/gems/1.8/gems/hobo-0.8.8/taglibs/rapid_editing.dryml in 0.04s
  DRYML: Compiled /opt/local/lib/ruby/gems/1.8/gems/hobo-0.8.8/taglibs/rapid_forms.dryml in 0.23s
  DRYML: Compiled /opt/local/lib/ruby/gems/1.8/gems/hobo-0.8.8/taglibs/rapid_navigation.dryml in 0.03s
  DRYML: Compiled /opt/local/lib/ruby/gems/1.8/gems/hobo-0.8.8/taglibs/rapid_plus.dryml in 0.05s
  DRYML: Compiled /opt/local/lib/ruby/gems/1.8/gems/hobo-0.8.8/taglibs/rapid_generics.dryml in 0.02s
  DRYML: Compiled /opt/local/lib/ruby/gems/1.8/gems/hobo-0.8.8/taglibs/rapid_lifecycles.dryml in 0.06s
  DRYML: Compiled /opt/local/lib/ruby/gems/1.8/gems/hobo-0.8.8/taglibs/rapid.dryml in 0.78s
  DRYML: Compiled app/views/taglibs/auto/rapid/cards.dryml in 0.01s
  DRYML: Compiled app/views/taglibs/auto/rapid/pages.dryml in 0.17s
  DRYML: Compiled app/views/taglibs/auto/rapid/forms.dryml in 0.03s
  DRYML: Compiled app/views/taglibs/themes/clean/clean.dryml in 0.01s
  DRYML: Compiled app/views/taglibs/application.dryml in 1.01s
  [4;35;1mUser Load (0.4ms)[0m   [0mSELECT * FROM "users" LIMIT 30[0m
Completed in 1064ms (View: 1060, DB: 1) | 200 OK [http://localhost/recipes/1-chicken-wings]
  [4;36;1mSQL (0.5ms)[0m   [0;1m SELECT name
 FROM sqlite_master
 WHERE type = 'table' AND NOT name = 'sqlite_sequence'
[0m


Processing FrontController#index (for 127.0.0.1 at 2009-09-14 13:29:51) [GET]
  [4;35;1mUser Load (0.6ms)[0m   [0mSELECT * FROM "users" WHERE ("users"."id" = 2) [0m
Rendering front/index
  DRYML: Compiled app/views/front/index.dryml in 0.15s
  [4;36;1mUser Load (0.4ms)[0m   [0;1mSELECT * FROM "users" LIMIT 30[0m
Completed in 177ms (View: 173, DB: 2) | 200 OK [http://localhost/]
  [4;35;1mSQL (0.5ms)[0m   [0m SELECT name
 FROM sqlite_master
 WHERE type = 'table' AND NOT name = 'sqlite_sequence'
[0m


Processing FrontController#index (for 127.0.0.1 at 2009-09-14 13:30:40) [GET]
  [4;36;1mUser Load (0.3ms)[0m   [0;1mSELECT * FROM "users" WHERE ("users"."id" = 2) [0m
Rendering front/index
  [4;35;1mUser Load (0.4ms)[0m   [0mSELECT * FROM "users" LIMIT 30[0m
Completed in 110ms (View: 107, DB: 1) | 200 OK [http://localhost/]
  [4;36;1mSQL (0.5ms)[0m   [0;1m SELECT name
 FROM sqlite_master
 WHERE type = 'table' AND NOT name = 'sqlite_sequence'
[0m


Processing RecipesController#index (for 127.0.0.1 at 2009-09-14 13:30:43) [GET]
  [4;35;1mUser Load (0.3ms)[0m   [0mSELECT * FROM "users" WHERE ("users"."id" = 2) [0m
  [4;36;1mRecipe Load (0.3ms)[0m   [0;1mSELECT * FROM "recipes" LIMIT 30 OFFSET 0[0m
  [4;35;1mUser Load (0.5ms)[0m   [0mSELECT * FROM "users" LIMIT 30[0m
Completed in 199ms (View: 194, DB: 2) | 200 OK [http://localhost/recipes]
  [4;36;1mSQL (0.5ms)[0m   [0;1m SELECT name
 FROM sqlite_master
 WHERE type = 'table' AND NOT name = 'sqlite_sequence'
[0m


Processing RecipesController#show (for 127.0.0.1 at 2009-09-14 13:30:46) [GET]
  Parameters: {"id"=>"1-chicken-wings"}
  [4;35;1mUser Load (0.3ms)[0m   [0mSELECT * FROM "users" WHERE ("users"."id" = 2) [0m
  [4;36;1mRecipe Load (0.2ms)[0m   [0;1mSELECT * FROM "recipes" WHERE ("recipes"."id" = 1) [0m
  [4;35;1mUser Load (0.4ms)[0m   [0mSELECT * FROM "users" LIMIT 30[0m
Completed in 117ms (View: 113, DB: 1) | 200 OK [http://localhost/recipes/1-chicken-wings]
  [4;36;1mSQL (0.5ms)[0m   [0;1m SELECT name
 FROM sqlite_master
 WHERE type = 'table' AND NOT name = 'sqlite_sequence'
[0m


Processing RecipesController#edit (for 127.0.0.1 at 2009-09-14 13:30:50) [GET]
  Parameters: {"id"=>"1-chicken-wings"}
  [4;35;1mUser Load (0.3ms)[0m   [0mSELECT * FROM "users" WHERE ("users"."id" = 2) [0m
  [4;36;1mRecipe Load (0.2ms)[0m   [0;1mSELECT * FROM "recipes" WHERE ("recipes"."id" = 1) [0m
  [4;35;1mUser Load (0.4ms)[0m   [0mSELECT * FROM "users" LIMIT 30[0m
Completed in 200ms (View: 196, DB: 1) | 200 OK [http://localhost/recipes/1-chicken-wings/edit]
  [4;36;1mSQL (0.7ms)[0m   [0;1m SELECT name
 FROM sqlite_master
 WHERE type = 'table' AND NOT name = 'sqlite_sequence'
[0m
  [4;35;1mSQL (0.1ms)[0m   [0mSELECT version FROM schema_migrations[0m
  [4;36;1mSQL (0.3ms)[0m   [0;1m SELECT name
 FROM sqlite_master
 WHERE type = 'table' AND NOT name = 'sqlite_sequence'
[0m
  [4;35;1mSQL (0.2ms)[0m   [0m SELECT name
 FROM sqlite_master
 WHERE type = 'table' AND NOT name = 'sqlite_sequence'
[0m
  [4;36;1mSQL (0.1ms)[0m   [0;1mselect sqlite_version(*)[0m
  [4;35;1mSQL (0.3ms)[0m   [0m SELECT name
 FROM sqlite_master
 WHERE type = 'table' AND NOT name = 'sqlite_sequence'
[0m
  [4;36;1mSQL (0.2ms)[0m   [0;1mSELECT version FROM schema_migrations[0m
  [4;35;1mSQL (0.1ms)[0m   [0mPRAGMA index_list("recipes")[0m
  [4;36;1mSQL (0.9ms)[0m   [0;1m SELECT name
 FROM sqlite_master
 WHERE type = 'table' AND NOT name = 'sqlite_sequence'
[0m
  [4;35;1mSQL (0.3ms)[0m   [0m SELECT name
 FROM sqlite_master
 WHERE type = 'table' AND NOT name = 'sqlite_sequence'
[0m
  [4;36;1mSQL (0.1ms)[0m   [0;1mSELECT version FROM schema_migrations[0m
Migrating to Initialize (20090914110451)
Migrating to CreateRecipe (20090914111105)
Migrating to RecipeCountry (20090914113347)
  [4;35;1mSQL (0.1ms)[0m   [0mselect sqlite_version(*)[0m
  [4;36;1mSQL (0.5ms)[0m   [0;1mCREATE TABLE "countries" ("id" INTEGER PRIMARY KEY AUTOINCREMENT NOT NULL, "name" varchar(255), "created_at" datetime, "updated_at" datetime) [0m
  [4;35;1mSQL (0.2ms)[0m   [0mALTER TABLE "recipes" ADD "country_id" integer[0m
  [4;36;1mSQL (0.5ms)[0m   [0;1mCREATE TEMPORARY TABLE "altered_recipes" ("id" INTEGER PRIMARY KEY AUTOINCREMENT NOT NULL, "title" varchar(255), "body" text, "country" varchar(255), "created_at" datetime, "updated_at" datetime, "country_id" integer) [0m
  [4;35;1mSQL (0.0ms)[0m   [0mPRAGMA index_list("recipes")[0m
  [4;36;1mSQL (0.4ms)[0m   [0;1mDROP TABLE "recipes"[0m
  [4;35;1mSQL (0.1ms)[0m   [0mCREATE TABLE "recipes" ("id" INTEGER PRIMARY KEY AUTOINCREMENT NOT NULL, "title" varchar(255), "body" text, "created_at" datetime, "updated_at" datetime, "country_id" integer) [0m
  [4;36;1mSQL (0.0ms)[0m   [0;1mPRAGMA index_list("altered_recipes")[0m
  [4;35;1mSQL (0.3ms)[0m   [0mDROP TABLE "altered_recipes"[0m
  [4;36;1mSQL (0.1ms)[0m   [0;1mINSERT INTO schema_migrations (version) VALUES ('20090914113347')[0m
  [4;35;1mSQL (0.3ms)[0m   [0m SELECT name
 FROM sqlite_master
 WHERE type = 'table' AND NOT name = 'sqlite_sequence'
[0m
  [4;36;1mSQL (0.2ms)[0m   [0;1mSELECT version FROM schema_migrations[0m
  [4;35;1mSQL (0.2ms)[0m   [0m SELECT name
 FROM sqlite_master
 WHERE type = 'table' AND NOT name = 'sqlite_sequence'
[0m
  [4;36;1mSQL (0.0ms)[0m   [0;1mPRAGMA index_list("countries")[0m
  [4;35;1mSQL (0.0ms)[0m   [0mPRAGMA index_list("recipes")[0m
  [4;36;1mSQL (0.0ms)[0m   [0;1mPRAGMA index_list("users")[0m
  [4;36;1mSQL (0.5ms)[0m   [0;1m SELECT name
 FROM sqlite_master
 WHERE type = 'table' AND NOT name = 'sqlite_sequence'
[0m


Processing RecipesController#edit (for 127.0.0.1 at 2009-09-14 13:34:24) [GET]
  Parameters: {"id"=>"1-chicken-wings"}
  [4;35;1mUser Load (0.3ms)[0m   [0mSELECT * FROM "users" WHERE ("users"."id" = 2) [0m
  [4;36;1mRecipe Load (0.2ms)[0m   [0;1mSELECT * FROM "recipes" WHERE ("recipes"."id" = 1) [0m
  DRYML: Compiled app/views/taglibs/auto/rapid/cards.dryml in 0.08s
  DRYML: Compiled app/views/taglibs/auto/rapid/pages.dryml in 0.23s
  DRYML: Compiled app/views/taglibs/auto/rapid/forms.dryml in 0.04s
  [4;35;1mUser Load (0.4ms)[0m   [0mSELECT * FROM "users" LIMIT 30[0m
  [4;36;1mCountry Load (0.2ms)[0m   [0;1mSELECT * FROM "countries" LIMIT 100[0m
Completed in 536ms (View: 532, DB: 2) | 200 OK [http://localhost/recipes/1-chicken-wings/edit]
  [4;35;1mSQL (0.6ms)[0m   [0m SELECT name
 FROM sqlite_master
 WHERE type = 'table' AND NOT name = 'sqlite_sequence'
[0m


Processing CountriesController#index (for 127.0.0.1 at 2009-09-14 13:34:51) [GET]
  [4;36;1mUser Load (0.3ms)[0m   [0;1mSELECT * FROM "users" WHERE ("users"."id" = 2) [0m
  [4;35;1mCountry Load (0.1ms)[0m   [0mSELECT * FROM "countries" LIMIT 30 OFFSET 0[0m
  [4;36;1mUser Load (0.7ms)[0m   [0;1mSELECT * FROM "users" LIMIT 30[0m
Completed in 181ms (View: 177, DB: 2) | 200 OK [http://localhost/countries]
  [4;35;1mSQL (0.5ms)[0m   [0m SELECT name
 FROM sqlite_master
 WHERE type = 'table' AND NOT name = 'sqlite_sequence'
[0m


Processing Hobo::DevController#set_current_user (for 127.0.0.1 at 2009-09-14 13:35:03) [GET]
  Parameters: {"login"=>"admin@k.dk"}
  [4;36;1mUser Load (0.3ms)[0m   [0;1mSELECT * FROM "users" WHERE ("users"."id" = 2) [0m
  [4;35;1mUser Load (0.2ms)[0m   [0mSELECT * FROM "users" WHERE ("users"."email_address" = 'admin@k.dk') LIMIT 1[0m
Redirected to http://localhost:3000/countries
Completed in 6ms (DB: 1) | 302 Found [http://localhost/dev/set_current_user?login=admin@k.dk]
  [4;36;1mSQL (0.5ms)[0m   [0;1m SELECT name
 FROM sqlite_master
 WHERE type = 'table' AND NOT name = 'sqlite_sequence'
[0m


Processing CountriesController#index (for 127.0.0.1 at 2009-09-14 13:35:03) [GET]
  [4;35;1mUser Load (0.3ms)[0m   [0mSELECT * FROM "users" WHERE ("users"."id" = 1) [0m
  [4;36;1mCountry Load (0.1ms)[0m   [0;1mSELECT * FROM "countries" LIMIT 30 OFFSET 0[0m
  [4;35;1mUser Load (0.4ms)[0m   [0mSELECT * FROM "users" LIMIT 30[0m
Completed in 179ms (View: 176, DB: 1) | 200 OK [http://localhost/countries]
  [4;36;1mSQL (0.5ms)[0m   [0;1m SELECT name
 FROM sqlite_master
 WHERE type = 'table' AND NOT name = 'sqlite_sequence'
[0m


Processing CountriesController#new (for 127.0.0.1 at 2009-09-14 13:35:53) [GET]
  [4;35;1mUser Load (0.4ms)[0m   [0mSELECT * FROM "users" WHERE ("users"."id" = 1) [0m
  [4;36;1mUser Load (0.5ms)[0m   [0;1mSELECT * FROM "users" LIMIT 30[0m
Completed in 188ms (View: 184, DB: 1) | 200 OK [http://localhost/countries/new]
  [4;35;1mSQL (0.5ms)[0m   [0m SELECT name
 FROM sqlite_master
 WHERE type = 'table' AND NOT name = 'sqlite_sequence'
[0m


Processing CountriesController#create (for 127.0.0.1 at 2009-09-14 13:35:59) [POST]
  Parameters: {"country"=>{"name"=>"American"}, "page_path"=>"countries/new", "authenticity_token"=>"VJvWuMq34S5pxT4rs1eyRpO2DiI87bpSB0x3BcBxsNc="}
  [4;36;1mUser Load (0.4ms)[0m   [0;1mSELECT * FROM "users" WHERE ("users"."id" = 1) [0m
  [4;35;1mCountry Create (0.5ms)[0m   [0mINSERT INTO "countries" ("name", "created_at", "updated_at") VALUES('American', '2009-09-14 11:35:59', '2009-09-14 11:35:59')[0m
Redirected to http://localhost:3000/countries/1-american
Completed in 19ms (DB: 1) | 302 Found [http://localhost/countries]
  [4;36;1mSQL (0.6ms)[0m   [0;1m SELECT name
 FROM sqlite_master
 WHERE type = 'table' AND NOT name = 'sqlite_sequence'
[0m


Processing CountriesController#show (for 127.0.0.1 at 2009-09-14 13:35:59) [GET]
  Parameters: {"id"=>"1-american"}
  [4;35;1mUser Load (0.4ms)[0m   [0mSELECT * FROM "users" WHERE ("users"."id" = 1) [0m
  [4;36;1mCountry Load (0.2ms)[0m   [0;1mSELECT * FROM "countries" WHERE ("countries"."id" = 1) [0m
  [4;35;1mUser Load (0.4ms)[0m   [0mSELECT * FROM "users" LIMIT 30[0m
Completed in 179ms (View: 175, DB: 2) | 200 OK [http://localhost/countries/1-american]
  [4;36;1mSQL (0.5ms)[0m   [0;1m SELECT name
 FROM sqlite_master
 WHERE type = 'table' AND NOT name = 'sqlite_sequence'
[0m


Processing CountriesController#index (for 127.0.0.1 at 2009-09-14 13:36:04) [GET]
  [4;35;1mUser Load (0.3ms)[0m   [0mSELECT * FROM "users" WHERE ("users"."id" = 1) [0m
  [4;36;1mCountry Load (0.2ms)[0m   [0;1mSELECT * FROM "countries" LIMIT 30 OFFSET 0[0m
  [4;35;1mUser Load (0.4ms)[0m   [0mSELECT * FROM "users" LIMIT 30[0m
Completed in 188ms (View: 184, DB: 1) | 200 OK [http://localhost/countries]
  [4;36;1mSQL (0.5ms)[0m   [0;1m SELECT name
 FROM sqlite_master
 WHERE type = 'table' AND NOT name = 'sqlite_sequence'
[0m


Processing CountriesController#new (for 127.0.0.1 at 2009-09-14 13:36:07) [GET]
  [4;35;1mUser Load (0.3ms)[0m   [0mSELECT * FROM "users" WHERE ("users"."id" = 1) [0m
  [4;36;1mUser Load (0.4ms)[0m   [0;1mSELECT * FROM "users" LIMIT 30[0m
Completed in 123ms (View: 120, DB: 1) | 200 OK [http://localhost/countries/new]
  [4;35;1mSQL (0.6ms)[0m   [0m SELECT name
 FROM sqlite_master
 WHERE type = 'table' AND NOT name = 'sqlite_sequence'
[0m


Processing CountriesController#create (for 127.0.0.1 at 2009-09-14 13:36:13) [POST]
  Parameters: {"country"=>{"name"=>"French"}, "page_path"=>"countries/new", "authenticity_token"=>"VJvWuMq34S5pxT4rs1eyRpO2DiI87bpSB0x3BcBxsNc="}
  [4;36;1mUser Load (0.3ms)[0m   [0;1mSELECT * FROM "users" WHERE ("users"."id" = 1) [0m
  [4;35;1mCountry Create (0.4ms)[0m   [0mINSERT INTO "countries" ("name", "created_at", "updated_at") VALUES('French', '2009-09-14 11:36:13', '2009-09-14 11:36:13')[0m
Redirected to http://localhost:3000/countries/2-french
Completed in 12ms (DB: 1) | 302 Found [http://localhost/countries]
  [4;36;1mSQL (0.6ms)[0m   [0;1m SELECT name
 FROM sqlite_master
 WHERE type = 'table' AND NOT name = 'sqlite_sequence'
[0m


Processing CountriesController#show (for 127.0.0.1 at 2009-09-14 13:36:13) [GET]
  Parameters: {"id"=>"2-french"}
  [4;35;1mUser Load (0.3ms)[0m   [0mSELECT * FROM "users" WHERE ("users"."id" = 1) [0m
  [4;36;1mCountry Load (0.2ms)[0m   [0;1mSELECT * FROM "countries" WHERE ("countries"."id" = 2) [0m
  [4;35;1mUser Load (0.4ms)[0m   [0mSELECT * FROM "users" LIMIT 30[0m
Completed in 118ms (View: 114, DB: 1) | 200 OK [http://localhost/countries/2-french]
  [4;36;1mSQL (0.5ms)[0m   [0;1m SELECT name
 FROM sqlite_master
 WHERE type = 'table' AND NOT name = 'sqlite_sequence'
[0m


Processing CountriesController#index (for 127.0.0.1 at 2009-09-14 13:36:18) [GET]
  [4;35;1mUser Load (0.3ms)[0m   [0mSELECT * FROM "users" WHERE ("users"."id" = 1) [0m
  [4;36;1mCountry Load (0.2ms)[0m   [0;1mSELECT * FROM "countries" LIMIT 30 OFFSET 0[0m
  [4;35;1mUser Load (0.5ms)[0m   [0mSELECT * FROM "users" LIMIT 30[0m
Completed in 188ms (View: 183, DB: 2) | 200 OK [http://localhost/countries]
  [4;36;1mSQL (0.5ms)[0m   [0;1m SELECT name
 FROM sqlite_master
 WHERE type = 'table' AND NOT name = 'sqlite_sequence'
[0m


Processing CountriesController#new (for 127.0.0.1 at 2009-09-14 13:36:20) [GET]
  [4;35;1mUser Load (0.3ms)[0m   [0mSELECT * FROM "users" WHERE ("users"."id" = 1) [0m
  [4;36;1mUser Load (0.4ms)[0m   [0;1mSELECT * FROM "users" LIMIT 30[0m
Completed in 187ms (View: 184, DB: 1) | 200 OK [http://localhost/countries/new]
  [4;35;1mSQL (0.5ms)[0m   [0m SELECT name
 FROM sqlite_master
 WHERE type = 'table' AND NOT name = 'sqlite_sequence'
[0m


Processing CountriesController#create (for 127.0.0.1 at 2009-09-14 13:36:27) [POST]
  Parameters: {"country"=>{"name"=>"Chinese"}, "page_path"=>"countries/new", "authenticity_token"=>"VJvWuMq34S5pxT4rs1eyRpO2DiI87bpSB0x3BcBxsNc="}
  [4;36;1mUser Load (0.3ms)[0m   [0;1mSELECT * FROM "users" WHERE ("users"."id" = 1) [0m
  [4;35;1mCountry Create (0.3ms)[0m   [0mINSERT INTO "countries" ("name", "created_at", "updated_at") VALUES('Chinese', '2009-09-14 11:36:27', '2009-09-14 11:36:27')[0m
Redirected to http://localhost:3000/countries/3-chinese
Completed in 10ms (DB: 1) | 302 Found [http://localhost/countries]
  [4;36;1mSQL (0.7ms)[0m   [0;1m SELECT name
 FROM sqlite_master
 WHERE type = 'table' AND NOT name = 'sqlite_sequence'
[0m


Processing CountriesController#show (for 127.0.0.1 at 2009-09-14 13:36:27) [GET]
  Parameters: {"id"=>"3-chinese"}
  [4;35;1mUser Load (0.3ms)[0m   [0mSELECT * FROM "users" WHERE ("users"."id" = 1) [0m
  [4;36;1mCountry Load (0.2ms)[0m   [0;1mSELECT * FROM "countries" WHERE ("countries"."id" = 3) [0m
  [4;35;1mUser Load (0.4ms)[0m   [0mSELECT * FROM "users" LIMIT 30[0m
Completed in 181ms (View: 177, DB: 2) | 200 OK [http://localhost/countries/3-chinese]
  [4;36;1mSQL (0.5ms)[0m   [0;1m SELECT name
 FROM sqlite_master
 WHERE type = 'table' AND NOT name = 'sqlite_sequence'
[0m


Processing CountriesController#index (for 127.0.0.1 at 2009-09-14 13:36:30) [GET]
  [4;35;1mUser Load (0.3ms)[0m   [0mSELECT * FROM "users" WHERE ("users"."id" = 1) [0m
  [4;36;1mCountry Load (0.2ms)[0m   [0;1mSELECT * FROM "countries" LIMIT 30 OFFSET 0[0m
  [4;35;1mUser Load (0.4ms)[0m   [0mSELECT * FROM "users" LIMIT 30[0m
Completed in 198ms (View: 194, DB: 2) | 200 OK [http://localhost/countries]
  [4;36;1mSQL (0.5ms)[0m   [0;1m SELECT name
 FROM sqlite_master
 WHERE type = 'table' AND NOT name = 'sqlite_sequence'
[0m


Processing RecipesController#index (for 127.0.0.1 at 2009-09-14 13:36:39) [GET]
  [4;35;1mUser Load (0.3ms)[0m   [0mSELECT * FROM "users" WHERE ("users"."id" = 1) [0m
  [4;36;1mRecipe Load (0.3ms)[0m   [0;1mSELECT * FROM "recipes" LIMIT 30 OFFSET 0[0m
  [4;35;1mUser Load (0.4ms)[0m   [0mSELECT * FROM "users" LIMIT 30[0m
Completed in 126ms (View: 122, DB: 2) | 200 OK [http://localhost/recipes]
  [4;36;1mSQL (0.6ms)[0m   [0;1m SELECT name
 FROM sqlite_master
 WHERE type = 'table' AND NOT name = 'sqlite_sequence'
[0m


Processing RecipesController#show (for 127.0.0.1 at 2009-09-14 13:36:44) [GET]
  Parameters: {"id"=>"1-chicken-wings"}
  [4;35;1mUser Load (0.3ms)[0m   [0mSELECT * FROM "users" WHERE ("users"."id" = 1) [0m
  [4;36;1mRecipe Load (0.2ms)[0m   [0;1mSELECT * FROM "recipes" WHERE ("recipes"."id" = 1) [0m
  [4;35;1mUser Load (0.4ms)[0m   [0mSELECT * FROM "users" LIMIT 30[0m
Completed in 121ms (View: 116, DB: 2) | 200 OK [http://localhost/recipes/1-chicken-wings]
  [4;36;1mSQL (0.5ms)[0m   [0;1m SELECT name
 FROM sqlite_master
 WHERE type = 'table' AND NOT name = 'sqlite_sequence'
[0m


Processing RecipesController#edit (for 127.0.0.1 at 2009-09-14 13:36:48) [GET]
  Parameters: {"id"=>"1-chicken-wings"}
  [4;35;1mUser Load (0.3ms)[0m   [0mSELECT * FROM "users" WHERE ("users"."id" = 1) [0m
  [4;36;1mRecipe Load (0.2ms)[0m   [0;1mSELECT * FROM "recipes" WHERE ("recipes"."id" = 1) [0m
  [4;35;1mUser Load (0.4ms)[0m   [0mSELECT * FROM "users" LIMIT 30[0m
  [4;36;1mCountry Load (0.4ms)[0m   [0;1mSELECT * FROM "countries" LIMIT 100[0m
Completed in 270ms (View: 265, DB: 2) | 200 OK [http://localhost/recipes/1-chicken-wings/edit]
  [4;35;1mSQL (0.5ms)[0m   [0m SELECT name
 FROM sqlite_master
 WHERE type = 'table' AND NOT name = 'sqlite_sequence'
[0m


Processing RecipesController#update (for 127.0.0.1 at 2009-09-14 13:36:54) [PUT]
  Parameters: {"page_path"=>"recipes/edit", "authenticity_token"=>"VJvWuMq34S5pxT4rs1eyRpO2DiI87bpSB0x3BcBxsNc=", "id"=>"1-chicken-wings", "recipe"=>{"body"=>"blip", "title"=>"Chicken wings", "country_id"=>"1"}}
  [4;36;1mUser Load (0.3ms)[0m   [0;1mSELECT * FROM "users" WHERE ("users"."id" = 1) [0m
  [4;35;1mRecipe Load (0.2ms)[0m   [0mSELECT * FROM "recipes" WHERE ("recipes"."id" = 1) [0m
  [4;36;1mRecipe Update (0.3ms)[0m   [0;1mUPDATE "recipes" SET "updated_at" = '2009-09-14 11:36:54', "country_id" = 1 WHERE "id" = 1[0m
Redirected to http://localhost:3000/recipes/1-chicken-wings
Completed in 11ms (DB: 1) | 302 Found [http://localhost/recipes/1-chicken-wings]
  [4;35;1mSQL (0.6ms)[0m   [0m SELECT name
 FROM sqlite_master
 WHERE type = 'table' AND NOT name = 'sqlite_sequence'
[0m


Processing RecipesController#show (for 127.0.0.1 at 2009-09-14 13:36:54) [GET]
  Parameters: {"id"=>"1-chicken-wings"}
  [4;36;1mUser Load (0.3ms)[0m   [0;1mSELECT * FROM "users" WHERE ("users"."id" = 1) [0m
  [4;35;1mRecipe Load (0.2ms)[0m   [0mSELECT * FROM "recipes" WHERE ("recipes"."id" = 1) [0m
  [4;36;1mUser Load (0.4ms)[0m   [0;1mSELECT * FROM "users" LIMIT 30[0m
  [4;35;1mCountry Load (0.2ms)[0m   [0mSELECT * FROM "countries" WHERE ("countries"."id" = 1) [0m
Completed in 125ms (View: 121, DB: 2) | 200 OK [http://localhost/recipes/1-chicken-wings]
  [4;36;1mSQL (0.5ms)[0m   [0;1m SELECT name
 FROM sqlite_master
 WHERE type = 'table' AND NOT name = 'sqlite_sequence'
[0m


Processing RecipesController#index (for 127.0.0.1 at 2009-09-14 13:36:59) [GET]
  [4;35;1mUser Load (0.3ms)[0m   [0mSELECT * FROM "users" WHERE ("users"."id" = 1) [0m
  [4;36;1mRecipe Load (0.3ms)[0m   [0;1mSELECT * FROM "recipes" LIMIT 30 OFFSET 0[0m
  [4;35;1mUser Load (0.4ms)[0m   [0mSELECT * FROM "users" LIMIT 30[0m
Completed in 128ms (View: 123, DB: 2) | 200 OK [http://localhost/recipes]
  [4;36;1mSQL (0.5ms)[0m   [0;1m SELECT name
 FROM sqlite_master
 WHERE type = 'table' AND NOT name = 'sqlite_sequence'
[0m


Processing Hobo::DevController#set_current_user (for 127.0.0.1 at 2009-09-14 13:37:42) [GET]
  Parameters: {"login"=>"user@k.dk"}
  [4;35;1mUser Load (0.3ms)[0m   [0mSELECT * FROM "users" WHERE ("users"."id" = 1) [0m
  [4;36;1mUser Load (0.2ms)[0m   [0;1mSELECT * FROM "users" WHERE ("users"."email_address" = 'user@k.dk') LIMIT 1[0m
Redirected to http://localhost:3000/recipes
Completed in 2ms (DB: 1) | 302 Found [http://localhost/dev/set_current_user?login=user@k.dk]
  [4;35;1mSQL (0.5ms)[0m   [0m SELECT name
 FROM sqlite_master
 WHERE type = 'table' AND NOT name = 'sqlite_sequence'
[0m


Processing RecipesController#index (for 127.0.0.1 at 2009-09-14 13:37:43) [GET]
  [4;36;1mUser Load (0.3ms)[0m   [0;1mSELECT * FROM "users" WHERE ("users"."id" = 2) [0m
  [4;35;1mRecipe Load (0.3ms)[0m   [0mSELECT * FROM "recipes" LIMIT 30 OFFSET 0[0m
  [4;36;1mUser Load (0.4ms)[0m   [0;1mSELECT * FROM "users" LIMIT 30[0m
Completed in 127ms (View: 122, DB: 2) | 200 OK [http://localhost/recipes]
  [4;35;1mSQL (0.7ms)[0m   [0m SELECT name
 FROM sqlite_master
 WHERE type = 'table' AND NOT name = 'sqlite_sequence'
[0m


Processing CountriesController#index (for 127.0.0.1 at 2009-09-14 13:37:48) [GET]
  [4;36;1mUser Load (0.3ms)[0m   [0;1mSELECT * FROM "users" WHERE ("users"."id" = 2) [0m
  [4;35;1mCountry Load (0.3ms)[0m   [0mSELECT * FROM "countries" LIMIT 30 OFFSET 0[0m
  [4;36;1mUser Load (0.4ms)[0m   [0;1mSELECT * FROM "users" LIMIT 30[0m
Completed in 187ms (View: 183, DB: 2) | 200 OK [http://localhost/countries]
  [4;35;1mSQL (0.7ms)[0m   [0m SELECT name
 FROM sqlite_master
 WHERE type = 'table' AND NOT name = 'sqlite_sequence'
[0m


Processing CountriesController#show (for 127.0.0.1 at 2009-09-14 13:37:52) [GET]
  Parameters: {"id"=>"1-american"}
  [4;36;1mUser Load (0.3ms)[0m   [0;1mSELECT * FROM "users" WHERE ("users"."id" = 2) [0m
  [4;35;1mCountry Load (0.2ms)[0m   [0mSELECT * FROM "countries" WHERE ("countries"."id" = 1) [0m
  [4;36;1mUser Load (0.4ms)[0m   [0;1mSELECT * FROM "users" LIMIT 30[0m
Completed in 182ms (View: 178, DB: 2) | 200 OK [http://localhost/countries/1-american]
  [4;35;1mSQL (0.5ms)[0m   [0m SELECT name
 FROM sqlite_master
 WHERE type = 'table' AND NOT name = 'sqlite_sequence'
[0m


Processing RecipesController#index (for 127.0.0.1 at 2009-09-14 13:37:55) [GET]
  [4;36;1mUser Load (0.3ms)[0m   [0;1mSELECT * FROM "users" WHERE ("users"."id" = 2) [0m
  [4;35;1mRecipe Load (0.3ms)[0m   [0mSELECT * FROM "recipes" LIMIT 30 OFFSET 0[0m
  [4;36;1mUser Load (0.4ms)[0m   [0;1mSELECT * FROM "users" LIMIT 30[0m
Completed in 196ms (View: 191, DB: 2) | 200 OK [http://localhost/recipes]
